2021-07-21 14:11:39.024 [info] <0.44.0> Application lager started on node nonode@nohost
2021-07-21 14:11:39.024 [info] <0.44.0> Application jsx started on node nonode@nohost
2021-07-21 14:11:39.024 [info] <0.44.0> Application recon started on node nonode@nohost
2021-07-21 14:11:39.024 [info] <0.44.0> Application credentials_obfuscation started on node nonode@nohost
2021-07-21 14:11:39.024 [info] <0.44.0> Application rabbit_common started on node nonode@nohost
2021-07-21 14:11:39.025 [info] <0.44.0> Application amqp_client started on node nonode@nohost
2021-07-21 15:34:33.454 [info] <0.44.0> Application lager started on node nonode@nohost
2021-07-21 15:34:33.456 [info] <0.44.0> Application xmerl started on node nonode@nohost
2021-07-21 15:34:33.459 [info] <0.44.0> Application sasl started on node nonode@nohost
2021-07-21 15:34:33.460 [info] <0.44.0> Application tools started on node nonode@nohost
2021-07-21 15:34:33.460 [info] <0.44.0> Application jsx started on node nonode@nohost
2021-07-21 15:34:33.460 [info] <0.44.0> Application recon started on node nonode@nohost
2021-07-21 15:34:33.502 [info] <0.44.0> Application credentials_obfuscation started on node nonode@nohost
2021-07-21 15:34:33.502 [info] <0.44.0> Application rabbit_common started on node nonode@nohost
2021-07-21 15:34:33.509 [info] <0.44.0> Application amqp_client started on node nonode@nohost
2021-07-21 15:34:33.511 [info] <0.44.0> Application amqp started on node nonode@nohost
2021-07-21 15:38:50.834 [info] <0.44.0> Application lager started on node nonode@nohost
2021-07-21 15:38:50.836 [info] <0.44.0> Application xmerl started on node nonode@nohost
2021-07-21 15:38:50.842 [info] <0.44.0> Application sasl started on node nonode@nohost
2021-07-21 15:38:50.843 [info] <0.44.0> Application tools started on node nonode@nohost
2021-07-21 15:38:50.843 [info] <0.44.0> Application jsx started on node nonode@nohost
2021-07-21 15:38:50.843 [info] <0.44.0> Application recon started on node nonode@nohost
2021-07-21 15:38:50.885 [info] <0.44.0> Application credentials_obfuscation started on node nonode@nohost
2021-07-21 15:38:50.885 [info] <0.44.0> Application rabbit_common started on node nonode@nohost
2021-07-21 15:38:50.891 [info] <0.44.0> Application amqp_client started on node nonode@nohost
2021-07-21 15:38:50.892 [info] <0.44.0> Application amqp started on node nonode@nohost
2021-07-21 15:42:13.256 [info] <0.44.0> Application lager started on node nonode@nohost
2021-07-21 15:42:13.258 [info] <0.44.0> Application xmerl started on node nonode@nohost
2021-07-21 15:42:13.262 [info] <0.44.0> Application sasl started on node nonode@nohost
2021-07-21 15:42:13.262 [info] <0.44.0> Application tools started on node nonode@nohost
2021-07-21 15:42:13.263 [info] <0.44.0> Application jsx started on node nonode@nohost
2021-07-21 15:42:13.263 [info] <0.44.0> Application recon started on node nonode@nohost
2021-07-21 15:42:13.306 [info] <0.44.0> Application credentials_obfuscation started on node nonode@nohost
2021-07-21 15:42:13.306 [info] <0.44.0> Application rabbit_common started on node nonode@nohost
2021-07-21 15:42:13.312 [info] <0.44.0> Application amqp_client started on node nonode@nohost
2021-07-21 15:42:13.314 [info] <0.44.0> Application amqp started on node nonode@nohost
2021-07-21 15:48:38.252 [info] <0.44.0> Application lager started on node nonode@nohost
2021-07-21 15:48:38.255 [info] <0.44.0> Application xmerl started on node nonode@nohost
2021-07-21 15:48:38.261 [info] <0.44.0> Application sasl started on node nonode@nohost
2021-07-21 15:48:38.261 [info] <0.44.0> Application tools started on node nonode@nohost
2021-07-21 15:48:38.261 [info] <0.44.0> Application jsx started on node nonode@nohost
2021-07-21 15:48:38.261 [info] <0.44.0> Application recon started on node nonode@nohost
2021-07-21 15:48:38.321 [info] <0.44.0> Application credentials_obfuscation started on node nonode@nohost
2021-07-21 15:48:38.321 [info] <0.44.0> Application rabbit_common started on node nonode@nohost
2021-07-21 15:48:38.329 [info] <0.44.0> Application amqp_client started on node nonode@nohost
2021-07-21 15:48:38.332 [info] <0.44.0> Application amqp started on node nonode@nohost
2021-07-21 15:54:27.914 [info] <0.44.0> Application lager started on node nonode@nohost
2021-07-21 15:54:27.916 [info] <0.44.0> Application xmerl started on node nonode@nohost
2021-07-21 15:54:27.921 [info] <0.44.0> Application sasl started on node nonode@nohost
2021-07-21 15:54:27.921 [info] <0.44.0> Application tools started on node nonode@nohost
2021-07-21 15:54:27.921 [info] <0.44.0> Application jsx started on node nonode@nohost
2021-07-21 15:54:27.921 [info] <0.44.0> Application recon started on node nonode@nohost
2021-07-21 15:54:27.961 [info] <0.44.0> Application credentials_obfuscation started on node nonode@nohost
2021-07-21 15:54:27.961 [info] <0.44.0> Application rabbit_common started on node nonode@nohost
2021-07-21 15:54:27.967 [info] <0.44.0> Application amqp_client started on node nonode@nohost
2021-07-21 15:54:27.969 [info] <0.44.0> Application amqp started on node nonode@nohost
2021-07-21 15:55:01.017 [info] <0.44.0> Application lager started on node nonode@nohost
2021-07-21 15:55:01.019 [info] <0.44.0> Application xmerl started on node nonode@nohost
2021-07-21 15:55:01.023 [info] <0.44.0> Application sasl started on node nonode@nohost
2021-07-21 15:55:01.023 [info] <0.44.0> Application tools started on node nonode@nohost
2021-07-21 15:55:01.023 [info] <0.44.0> Application jsx started on node nonode@nohost
2021-07-21 15:55:01.023 [info] <0.44.0> Application recon started on node nonode@nohost
2021-07-21 15:55:01.063 [info] <0.44.0> Application credentials_obfuscation started on node nonode@nohost
2021-07-21 15:55:01.063 [info] <0.44.0> Application rabbit_common started on node nonode@nohost
2021-07-21 15:55:01.069 [info] <0.44.0> Application amqp_client started on node nonode@nohost
2021-07-21 15:55:01.072 [info] <0.44.0> Application amqp started on node nonode@nohost
2021-07-21 16:02:55.769 [info] <0.44.0> Application lager started on node nonode@nohost
2021-07-21 16:02:55.772 [info] <0.44.0> Application xmerl started on node nonode@nohost
2021-07-21 16:02:55.776 [info] <0.44.0> Application sasl started on node nonode@nohost
2021-07-21 16:02:55.776 [info] <0.44.0> Application tools started on node nonode@nohost
2021-07-21 16:02:55.777 [info] <0.44.0> Application jsx started on node nonode@nohost
2021-07-21 16:02:55.777 [info] <0.44.0> Application recon started on node nonode@nohost
2021-07-21 16:02:55.827 [info] <0.44.0> Application credentials_obfuscation started on node nonode@nohost
2021-07-21 16:02:55.827 [info] <0.44.0> Application rabbit_common started on node nonode@nohost
2021-07-21 16:02:55.835 [info] <0.44.0> Application amqp_client started on node nonode@nohost
2021-07-21 16:02:55.838 [info] <0.44.0> Application amqp started on node nonode@nohost
2021-07-21 16:04:29.129 [info] <0.44.0> Application lager started on node nonode@nohost
2021-07-21 16:04:29.131 [info] <0.44.0> Application xmerl started on node nonode@nohost
2021-07-21 16:04:29.136 [info] <0.44.0> Application sasl started on node nonode@nohost
2021-07-21 16:04:29.137 [info] <0.44.0> Application tools started on node nonode@nohost
2021-07-21 16:04:29.137 [info] <0.44.0> Application jsx started on node nonode@nohost
2021-07-21 16:04:29.137 [info] <0.44.0> Application recon started on node nonode@nohost
2021-07-21 16:04:29.177 [info] <0.44.0> Application credentials_obfuscation started on node nonode@nohost
2021-07-21 16:04:29.177 [info] <0.44.0> Application rabbit_common started on node nonode@nohost
2021-07-21 16:04:29.184 [info] <0.44.0> Application amqp_client started on node nonode@nohost
2021-07-21 16:04:29.187 [info] <0.44.0> Application amqp started on node nonode@nohost
2021-07-21 16:07:38.955 [info] <0.44.0> Application lager started on node nonode@nohost
2021-07-21 16:07:38.957 [info] <0.44.0> Application xmerl started on node nonode@nohost
2021-07-21 16:07:38.960 [info] <0.44.0> Application sasl started on node nonode@nohost
2021-07-21 16:07:38.961 [info] <0.44.0> Application tools started on node nonode@nohost
2021-07-21 16:07:38.961 [info] <0.44.0> Application jsx started on node nonode@nohost
2021-07-21 16:07:38.961 [info] <0.44.0> Application recon started on node nonode@nohost
2021-07-21 16:07:39.020 [info] <0.44.0> Application credentials_obfuscation started on node nonode@nohost
2021-07-21 16:07:39.020 [info] <0.44.0> Application rabbit_common started on node nonode@nohost
2021-07-21 16:07:39.027 [info] <0.44.0> Application amqp_client started on node nonode@nohost
2021-07-21 16:07:39.029 [info] <0.44.0> Application amqp started on node nonode@nohost
2021-07-21 16:09:26.868 [info] <0.44.0> Application lager started on node nonode@nohost
2021-07-21 16:09:26.869 [info] <0.44.0> Application xmerl started on node nonode@nohost
2021-07-21 16:09:26.873 [info] <0.44.0> Application sasl started on node nonode@nohost
2021-07-21 16:09:26.873 [info] <0.44.0> Application tools started on node nonode@nohost
2021-07-21 16:09:26.873 [info] <0.44.0> Application jsx started on node nonode@nohost
2021-07-21 16:09:26.873 [info] <0.44.0> Application recon started on node nonode@nohost
2021-07-21 16:09:26.912 [info] <0.44.0> Application credentials_obfuscation started on node nonode@nohost
2021-07-21 16:09:26.912 [info] <0.44.0> Application rabbit_common started on node nonode@nohost
2021-07-21 16:09:26.919 [info] <0.44.0> Application amqp_client started on node nonode@nohost
2021-07-21 16:09:26.921 [info] <0.44.0> Application amqp started on node nonode@nohost
