2021-07-21 11:53:36 =CRASH REPORT====
  crasher:
    initial call: Elixir.Connector:init/1
    pid: <0.270.0>
    registered_name: []
    exception error: {undef,[{'Elixir.Connector',start_connection,[],[]},{'Elixir.Connector',init,1,[{file,"lib/connector.ex"},{line,13}]},{gen_server,init_it,2,[{file,"gen_server.erl"},{line,423}]},{gen_server,init_it,6,[{file,"gen_server.erl"},{line,390}]},{proc_lib,init_p_do_apply,3,[{file,"proc_lib.erl"},{line,226}]}]}
    ancestors: [<0.269.0>]
    message_queue_len: 0
    messages: []
    links: [<0.269.0>]
    dictionary: []
    trap_exit: false
    status: running
    heap_size: 376
    stack_size: 29
    reductions: 207
  neighbours:
2021-07-21 11:53:36 =CRASH REPORT====
  crasher:
    initial call: application_master:init/4
    pid: <0.268.0>
    registered_name: []
    exception exit: {{bad_return,{{'Elixir.Connector.Application',start,[normal,[]]},{'EXIT',{#{'__exception__' => true,'__struct__' => 'Elixir.ArgumentError',message => <<"The module :error was given as a child to a supervisor but it does not exist.">>},[{'Elixir.Supervisor',init_child,1,[{file,"lib/supervisor.ex"},{line,631}]},{'Elixir.Enum','-map/2-lists^map/1-0-',2,[{file,"lib/enum.ex"},{line,1553}]},{'Elixir.Supervisor',init,2,[{file,"lib/supervisor.ex"},{line,617}]},{'Elixir.Supervisor',start_link,2,[{file,"lib/supervisor.ex"},{line,556}]},{application_master,start_it_old,4,[{file,"application_master.erl"},{line,293}]}]}}}},[{application_master,init,4,[{file,"application_master.erl"},{line,142}]},{proc_lib,init_p_do_apply,3,[{file,"proc_lib.erl"},{line,226}]}]}
    ancestors: [<0.267.0>]
    message_queue_len: 1
    messages: [{'EXIT',<0.269.0>,normal}]
    links: [<0.267.0>,<0.44.0>]
    dictionary: []
    trap_exit: true
    status: running
    heap_size: 610
    stack_size: 29
    reductions: 199
  neighbours:
2021-07-21 12:05:02 =CRASH REPORT====
  crasher:
    initial call: Elixir.Connector.Connector:init/1
    pid: <0.297.0>
    registered_name: []
    exception error: bad argument: [{erlang,spawn,['Elixir.Connector.Extractor',loop,nil],[{error_info,#{module => erl_erts_errors}}]},{'Elixir.Connector.Connector',init,1,[{file,"lib/connector/connector.ex"},{line,13}]},{gen_server,init_it,2,[{file,"gen_server.erl"},{line,423}]},{gen_server,init_it,6,[{file,"gen_server.erl"},{line,390}]},{proc_lib,init_p_do_apply,3,[{file,"proc_lib.erl"},{line,226}]}]
    ancestors: [<0.296.0>]
    message_queue_len: 0
    messages: []
    links: [<0.296.0>]
    dictionary: []
    trap_exit: false
    status: running
    heap_size: 376
    stack_size: 29
    reductions: 201
  neighbours:
2021-07-21 12:05:02 =CRASH REPORT====
  crasher:
    initial call: application_master:init/4
    pid: <0.295.0>
    registered_name: []
    exception exit: {{bad_return,{{'Elixir.Connector.Application',start,[normal,[]]},{'EXIT',{#{'__exception__' => true,'__struct__' => 'Elixir.ArgumentError',message => <<"The module :error was given as a child to a supervisor but it does not exist.">>},[{'Elixir.Supervisor',init_child,1,[{file,"lib/supervisor.ex"},{line,631}]},{'Elixir.Enum','-map/2-lists^map/1-0-',2,[{file,"lib/enum.ex"},{line,1553}]},{'Elixir.Supervisor',init,2,[{file,"lib/supervisor.ex"},{line,617}]},{'Elixir.Supervisor',start_link,2,[{file,"lib/supervisor.ex"},{line,556}]},{application_master,start_it_old,4,[{file,"application_master.erl"},{line,293}]}]}}}},[{application_master,init,4,[{file,"application_master.erl"},{line,142}]},{proc_lib,init_p_do_apply,3,[{file,"proc_lib.erl"},{line,226}]}]}
    ancestors: [<0.294.0>]
    message_queue_len: 1
    messages: [{'EXIT',<0.296.0>,normal}]
    links: [<0.294.0>,<0.44.0>]
    dictionary: []
    trap_exit: true
    status: running
    heap_size: 610
    stack_size: 29
    reductions: 199
  neighbours:
2021-07-21 12:05:16 =CRASH REPORT====
  crasher:
    initial call: Elixir.Connector.Connector:init/1
    pid: <0.286.0>
    registered_name: []
    exception error: bad argument: [{erlang,spawn,['Elixir.Connector.Extractor',loop,nil],[{error_info,#{module => erl_erts_errors}}]},{'Elixir.Connector.Connector',init,1,[{file,"lib/connector/connector.ex"},{line,13}]},{gen_server,init_it,2,[{file,"gen_server.erl"},{line,423}]},{gen_server,init_it,6,[{file,"gen_server.erl"},{line,390}]},{proc_lib,init_p_do_apply,3,[{file,"proc_lib.erl"},{line,226}]}]
    ancestors: [<0.285.0>]
    message_queue_len: 0
    messages: []
    links: [<0.285.0>]
    dictionary: []
    trap_exit: false
    status: running
    heap_size: 376
    stack_size: 29
    reductions: 201
  neighbours:
2021-07-21 12:05:16 =CRASH REPORT====
  crasher:
    initial call: application_master:init/4
    pid: <0.284.0>
    registered_name: []
    exception exit: {{bad_return,{{'Elixir.Connector.Application',start,[normal,[]]},{'EXIT',{#{'__exception__' => true,'__struct__' => 'Elixir.ArgumentError',message => <<"The module :error was given as a child to a supervisor but it does not exist.">>},[{'Elixir.Supervisor',init_child,1,[{file,"lib/supervisor.ex"},{line,631}]},{'Elixir.Enum','-map/2-lists^map/1-0-',2,[{file,"lib/enum.ex"},{line,1553}]},{'Elixir.Supervisor',init,2,[{file,"lib/supervisor.ex"},{line,617}]},{'Elixir.Supervisor',start_link,2,[{file,"lib/supervisor.ex"},{line,556}]},{application_master,start_it_old,4,[{file,"application_master.erl"},{line,293}]}]}}}},[{application_master,init,4,[{file,"application_master.erl"},{line,142}]},{proc_lib,init_p_do_apply,3,[{file,"proc_lib.erl"},{line,226}]}]}
    ancestors: [<0.283.0>]
    message_queue_len: 1
    messages: [{'EXIT',<0.285.0>,normal}]
    links: [<0.283.0>,<0.44.0>]
    dictionary: []
    trap_exit: true
    status: running
    heap_size: 610
    stack_size: 29
    reductions: 199
  neighbours:
2021-07-21 12:07:13 =ERROR REPORT====
Error in process <0.292.0> with exit value:
{{badarity,{#Fun<Elixir.Connector.Connector.0.11176859>,[]}},[{erlang,apply,2,[]}]}
2021-07-21 12:07:13 =CRASH REPORT====
  crasher:
    initial call: application_master:init/4
    pid: <0.289.0>
    registered_name: []
    exception exit: {{bad_return,{{'Elixir.Connector.Application',start,[normal,[]]},{'EXIT',{#{'__exception__' => true,'__struct__' => 'Elixir.ArgumentError',message => <<"The module :ok was given as a child to a supervisor but it does not exist.">>},[{'Elixir.Supervisor',init_child,1,[{file,"lib/supervisor.ex"},{line,631}]},{'Elixir.Enum','-map/2-lists^map/1-0-',2,[{file,"lib/enum.ex"},{line,1553}]},{'Elixir.Supervisor',init,2,[{file,"lib/supervisor.ex"},{line,617}]},{'Elixir.Supervisor',start_link,2,[{file,"lib/supervisor.ex"},{line,556}]},{application_master,start_it_old,4,[{file,"application_master.erl"},{line,293}]}]}}}},[{application_master,init,4,[{file,"application_master.erl"},{line,142}]},{proc_lib,init_p_do_apply,3,[{file,"proc_lib.erl"},{line,226}]}]}
    ancestors: [<0.288.0>]
    message_queue_len: 1
    messages: [{'EXIT',<0.290.0>,normal}]
    links: [<0.288.0>,<0.44.0>]
    dictionary: []
    trap_exit: true
    status: running
    heap_size: 610
    stack_size: 29
    reductions: 201
  neighbours:
2021-07-21 12:07:55 =ERROR REPORT====
Error in process <0.328.0> with exit value:
{{badarity,{#Fun<Elixir.Connector.Connector.0.11176859>,[]}},[{erlang,apply,2,[]}]}
2021-07-21 12:07:55 =CRASH REPORT====
  crasher:
    initial call: application_master:init/4
    pid: <0.325.0>
    registered_name: []
    exception exit: {{bad_return,{{'Elixir.Connector.Application',start,[normal,[]]},{'EXIT',{#{'__exception__' => true,'__struct__' => 'Elixir.ArgumentError',message => <<"The module :ok was given as a child to a supervisor but it does not exist.">>},[{'Elixir.Supervisor',init_child,1,[{file,"lib/supervisor.ex"},{line,631}]},{'Elixir.Enum','-map/2-lists^map/1-0-',2,[{file,"lib/enum.ex"},{line,1553}]},{'Elixir.Supervisor',init,2,[{file,"lib/supervisor.ex"},{line,617}]},{'Elixir.Supervisor',start_link,2,[{file,"lib/supervisor.ex"},{line,556}]},{application_master,start_it_old,4,[{file,"application_master.erl"},{line,293}]}]}}}},[{application_master,init,4,[{file,"application_master.erl"},{line,142}]},{proc_lib,init_p_do_apply,3,[{file,"proc_lib.erl"},{line,226}]}]}
    ancestors: [<0.324.0>]
    message_queue_len: 1
    messages: [{'EXIT',<0.326.0>,normal}]
    links: [<0.324.0>,<0.44.0>]
    dictionary: []
    trap_exit: true
    status: running
    heap_size: 610
    stack_size: 29
    reductions: 201
  neighbours:
2021-07-21 12:09:49 =CRASH REPORT====
  crasher:
    initial call: application_master:init/4
    pid: <0.284.0>
    registered_name: []
    exception exit: {{bad_return,{{'Elixir.Connector.Application',start,[normal,[]]},{'EXIT',{#{'__exception__' => true,'__struct__' => 'Elixir.ArgumentError',message => <<"The module :ok was given as a child to a supervisor but it does not exist.">>},[{'Elixir.Supervisor',init_child,1,[{file,"lib/supervisor.ex"},{line,631}]},{'Elixir.Enum','-map/2-lists^map/1-0-',2,[{file,"lib/enum.ex"},{line,1553}]},{'Elixir.Supervisor',init,2,[{file,"lib/supervisor.ex"},{line,617}]},{'Elixir.Supervisor',start_link,2,[{file,"lib/supervisor.ex"},{line,556}]},{application_master,start_it_old,4,[{file,"application_master.erl"},{line,293}]}]}}}},[{application_master,init,4,[{file,"application_master.erl"},{line,142}]},{proc_lib,init_p_do_apply,3,[{file,"proc_lib.erl"},{line,226}]}]}
    ancestors: [<0.283.0>]
    message_queue_len: 1
    messages: [{'EXIT',<0.285.0>,normal}]
    links: [<0.283.0>,<0.44.0>]
    dictionary: []
    trap_exit: true
    status: running
    heap_size: 610
    stack_size: 29
    reductions: 210
  neighbours:
2021-07-21 12:09:49 =ERROR REPORT====
Error in process <0.287.0> with exit value:
{function_clause,[{'Elixir.String',trim,[{error,terminated}],[{file,"lib/string.ex"},{line,1231}]},{'Elixir.Connector.Extractor',loop,0,[{file,"lib/connector/extractor.ex"},{line,5}]}]}
2021-07-21 12:11:42 =CRASH REPORT====
  crasher:
    initial call: application_master:init/4
    pid: <0.279.0>
    registered_name: []
    exception exit: {{bad_return,{{'Elixir.Connector.Application',start,[normal,[]]},{'EXIT',{#{'__exception__' => true,'__struct__' => 'Elixir.ArgumentError',message => <<"The module :ok was given as a child to a supervisor but it does not exist.">>},[{'Elixir.Supervisor',init_child,1,[{file,"lib/supervisor.ex"},{line,631}]},{'Elixir.Enum','-map/2-lists^map/1-0-',2,[{file,"lib/enum.ex"},{line,1553}]},{'Elixir.Supervisor',init,2,[{file,"lib/supervisor.ex"},{line,617}]},{'Elixir.Supervisor',start_link,2,[{file,"lib/supervisor.ex"},{line,556}]},{application_master,start_it_old,4,[{file,"application_master.erl"},{line,293}]}]}}}},[{application_master,init,4,[{file,"application_master.erl"},{line,142}]},{proc_lib,init_p_do_apply,3,[{file,"proc_lib.erl"},{line,226}]}]}
    ancestors: [<0.278.0>]
    message_queue_len: 1
    messages: [{'EXIT',<0.280.0>,normal}]
    links: [<0.278.0>,<0.44.0>]
    dictionary: []
    trap_exit: true
    status: running
    heap_size: 610
    stack_size: 29
    reductions: 210
  neighbours:
2021-07-21 12:11:42 =ERROR REPORT====
Error in process <0.282.0> with exit value:
{function_clause,[{'Elixir.String',trim,[{error,terminated}],[{file,"lib/string.ex"},{line,1231}]},{'Elixir.Connector.Extractor',loop,0,[{file,"lib/connector/extractor.ex"},{line,5}]}]}
2021-07-21 12:14:45 =CRASH REPORT====
  crasher:
    initial call: application_master:init/4
    pid: <0.295.0>
    registered_name: []
    exception exit: {{bad_return,{{'Elixir.Connector.Application',start,[normal,[]]},{'EXIT',{#{'__exception__' => true,'__struct__' => 'Elixir.ArgumentError',message => <<"The module :ok was given as a child to a supervisor but it does not exist.">>},[{'Elixir.Supervisor',init_child,1,[{file,"lib/supervisor.ex"},{line,631}]},{'Elixir.Enum','-map/2-lists^map/1-0-',2,[{file,"lib/enum.ex"},{line,1553}]},{'Elixir.Supervisor',init,2,[{file,"lib/supervisor.ex"},{line,617}]},{'Elixir.Supervisor',start_link,2,[{file,"lib/supervisor.ex"},{line,556}]},{application_master,start_it_old,4,[{file,"application_master.erl"},{line,293}]}]}}}},[{application_master,init,4,[{file,"application_master.erl"},{line,142}]},{proc_lib,init_p_do_apply,3,[{file,"proc_lib.erl"},{line,226}]}]}
    ancestors: [<0.294.0>]
    message_queue_len: 1
    messages: [{'EXIT',<0.296.0>,normal}]
    links: [<0.294.0>,<0.44.0>]
    dictionary: []
    trap_exit: true
    status: running
    heap_size: 610
    stack_size: 29
    reductions: 211
  neighbours:
2021-07-21 12:14:49 =CRASH REPORT====
  crasher:
    initial call: application_master:init/4
    pid: <0.268.0>
    registered_name: []
    exception exit: {{bad_return,{{'Elixir.Connector.Application',start,[normal,[]]},{'EXIT',{#{'__exception__' => true,'__struct__' => 'Elixir.ArgumentError',message => <<"The module :ok was given as a child to a supervisor but it does not exist.">>},[{'Elixir.Supervisor',init_child,1,[{file,"lib/supervisor.ex"},{line,631}]},{'Elixir.Enum','-map/2-lists^map/1-0-',2,[{file,"lib/enum.ex"},{line,1553}]},{'Elixir.Supervisor',init,2,[{file,"lib/supervisor.ex"},{line,617}]},{'Elixir.Supervisor',start_link,2,[{file,"lib/supervisor.ex"},{line,556}]},{application_master,start_it_old,4,[{file,"application_master.erl"},{line,293}]}]}}}},[{application_master,init,4,[{file,"application_master.erl"},{line,142}]},{proc_lib,init_p_do_apply,3,[{file,"proc_lib.erl"},{line,226}]}]}
    ancestors: [<0.267.0>]
    message_queue_len: 1
    messages: [{'EXIT',<0.269.0>,normal}]
    links: [<0.267.0>,<0.44.0>]
    dictionary: []
    trap_exit: true
    status: running
    heap_size: 610
    stack_size: 29
    reductions: 211
  neighbours:
2021-07-21 12:16:36 =CRASH REPORT====
  crasher:
    initial call: application_master:init/4
    pid: <0.284.0>
    registered_name: []
    exception exit: {{bad_return,{{'Elixir.Connector.Application',start,[normal,[]]},{'EXIT',{#{'__exception__' => true,'__struct__' => 'Elixir.ArgumentError',message => <<"The module :ok was given as a child to a supervisor but it does not exist.">>},[{'Elixir.Supervisor',init_child,1,[{file,"lib/supervisor.ex"},{line,631}]},{'Elixir.Enum','-map/2-lists^map/1-0-',2,[{file,"lib/enum.ex"},{line,1553}]},{'Elixir.Supervisor',init,2,[{file,"lib/supervisor.ex"},{line,617}]},{'Elixir.Supervisor',start_link,2,[{file,"lib/supervisor.ex"},{line,556}]},{application_master,start_it_old,4,[{file,"application_master.erl"},{line,293}]}]}}}},[{application_master,init,4,[{file,"application_master.erl"},{line,142}]},{proc_lib,init_p_do_apply,3,[{file,"proc_lib.erl"},{line,226}]}]}
    ancestors: [<0.283.0>]
    message_queue_len: 1
    messages: [{'EXIT',<0.285.0>,normal}]
    links: [<0.283.0>,<0.44.0>]
    dictionary: []
    trap_exit: true
    status: running
    heap_size: 610
    stack_size: 29
    reductions: 211
  neighbours:
2021-07-21 12:17:12 =CRASH REPORT====
  crasher:
    initial call: application_master:init/4
    pid: <0.282.0>
    registered_name: []
    exception exit: {{bad_return,{{'Elixir.Connector.Application',start,[normal,[]]},{'EXIT',{#{'__exception__' => true,'__struct__' => 'Elixir.ArgumentError',message => <<"The module :ok was given as a child to a supervisor but it does not exist.">>},[{'Elixir.Supervisor',init_child,1,[{file,"lib/supervisor.ex"},{line,631}]},{'Elixir.Enum','-map/2-lists^map/1-0-',2,[{file,"lib/enum.ex"},{line,1553}]},{'Elixir.Supervisor',init,2,[{file,"lib/supervisor.ex"},{line,617}]},{'Elixir.Supervisor',start_link,2,[{file,"lib/supervisor.ex"},{line,556}]},{application_master,start_it_old,4,[{file,"application_master.erl"},{line,293}]}]}}}},[{application_master,init,4,[{file,"application_master.erl"},{line,142}]},{proc_lib,init_p_do_apply,3,[{file,"proc_lib.erl"},{line,226}]}]}
    ancestors: [<0.281.0>]
    message_queue_len: 1
    messages: [{'EXIT',<0.283.0>,normal}]
    links: [<0.281.0>,<0.44.0>]
    dictionary: []
    trap_exit: true
    status: running
    heap_size: 610
    stack_size: 29
    reductions: 211
  neighbours:
2021-07-21 12:17:43 =CRASH REPORT====
  crasher:
    initial call: application_master:init/4
    pid: <0.289.0>
    registered_name: []
    exception exit: {{bad_return,{{'Elixir.Connector.Application',start,[normal,[]]},{'EXIT',{#{'__exception__' => true,'__struct__' => 'Elixir.ArgumentError',message => <<"The module :ok was given as a child to a supervisor but it does not exist.">>},[{'Elixir.Supervisor',init_child,1,[{file,"lib/supervisor.ex"},{line,631}]},{'Elixir.Enum','-map/2-lists^map/1-0-',2,[{file,"lib/enum.ex"},{line,1553}]},{'Elixir.Supervisor',init,2,[{file,"lib/supervisor.ex"},{line,617}]},{'Elixir.Supervisor',start_link,2,[{file,"lib/supervisor.ex"},{line,556}]},{application_master,start_it_old,4,[{file,"application_master.erl"},{line,293}]}]}}}},[{application_master,init,4,[{file,"application_master.erl"},{line,142}]},{proc_lib,init_p_do_apply,3,[{file,"proc_lib.erl"},{line,226}]}]}
    ancestors: [<0.288.0>]
    message_queue_len: 2
    messages: [{io_request,<0.291.0>,#Ref<0.3064735213.3596615684.83880>,{put_chars,unicode,<<" [x] Sent '[connectors.github.new] fst msg'\n">>}},{'EXIT',<0.290.0>,normal}]
    links: [<0.288.0>,<0.44.0>]
    dictionary: []
    trap_exit: true
    status: running
    heap_size: 2586
    stack_size: 29
    reductions: 1977
  neighbours:
2021-07-21 12:17:43 =ERROR REPORT====
** Generic server 'Elixir.Connector.Connector' terminating 
** Last message in was {send,<<"github">>,<<"fst msg">>}
** When Server state == {#{'__struct__' => 'Elixir.AMQP.Connection',pid => <0.295.0>},#{'__struct__' => 'Elixir.AMQP.Channel',conn => #{'__struct__' => 'Elixir.AMQP.Connection',pid => <0.295.0>},custom_consumer => nil,pid => <0.306.0>}}
** Reason for termination ==
** {terminated,[{io,put_chars,[standard_io,unicode,[<<" [x] Sent '[connectors.github.new] fst msg'">>,10]],[]},{'Elixir.Connector.Connector',handle_call,3,[{file,"lib/connector/connector.ex"},{line,21}]},{gen_server,try_handle_call,4,[{file,"gen_server.erl"},{line,721}]},{gen_server,handle_msg,6,[{file,"gen_server.erl"},{line,750}]},{proc_lib,init_p_do_apply,3,[{file,"proc_lib.erl"},{line,226}]}]}
** Client <0.292.0> stacktrace
** [{gen,do_call,4,[{file,"gen.erl"},{line,233}]},{'Elixir.GenServer',call,3,[{file,"lib/gen_server.ex"},{line,1021}]},{'Elixir.Connector.Extractor',loop,0,[{file,"lib/connector/extractor.ex"},{line,8}]}]
2021-07-21 12:18:53 =ERROR REPORT====
Error in process <0.287.0> with exit value:
{undef,[{thread,sleep,[200000000000],[]},{'Elixir.Connector.Extractor',loop,0,[{file,"lib/connector/extractor.ex"},{line,9}]}]}
2021-07-21 12:18:53 =CRASH REPORT====
  crasher:
    initial call: application_master:init/4
    pid: <0.284.0>
    registered_name: []
    exception exit: {{bad_return,{{'Elixir.Connector.Application',start,[normal,[]]},{'EXIT',{#{'__exception__' => true,'__struct__' => 'Elixir.ArgumentError',message => <<"The module :ok was given as a child to a supervisor but it does not exist.">>},[{'Elixir.Supervisor',init_child,1,[{file,"lib/supervisor.ex"},{line,631}]},{'Elixir.Enum','-map/2-lists^map/1-0-',2,[{file,"lib/enum.ex"},{line,1553}]},{'Elixir.Supervisor',init,2,[{file,"lib/supervisor.ex"},{line,617}]},{'Elixir.Supervisor',start_link,2,[{file,"lib/supervisor.ex"},{line,556}]},{application_master,start_it_old,4,[{file,"application_master.erl"},{line,293}]}]}}}},[{application_master,init,4,[{file,"application_master.erl"},{line,142}]},{proc_lib,init_p_do_apply,3,[{file,"proc_lib.erl"},{line,226}]}]}
    ancestors: [<0.283.0>]
    message_queue_len: 1
    messages: [{'EXIT',<0.285.0>,normal}]
    links: [<0.283.0>,<0.44.0>]
    dictionary: []
    trap_exit: true
    status: running
    heap_size: 610
    stack_size: 29
    reductions: 215
  neighbours:
2021-07-21 12:19:40 =CRASH REPORT====
  crasher:
    initial call: application_master:init/4
    pid: <0.284.0>
    registered_name: []
    exception exit: {{bad_return,{{'Elixir.Connector.Application',start,[normal,[]]},{'EXIT',{#{'__exception__' => true,'__struct__' => 'Elixir.ArgumentError',message => <<"The module :ok was given as a child to a supervisor but it does not exist.">>},[{'Elixir.Supervisor',init_child,1,[{file,"lib/supervisor.ex"},{line,631}]},{'Elixir.Enum','-map/2-lists^map/1-0-',2,[{file,"lib/enum.ex"},{line,1553}]},{'Elixir.Supervisor',init,2,[{file,"lib/supervisor.ex"},{line,617}]},{'Elixir.Supervisor',start_link,2,[{file,"lib/supervisor.ex"},{line,556}]},{application_master,start_it_old,4,[{file,"application_master.erl"},{line,293}]}]}}}},[{application_master,init,4,[{file,"application_master.erl"},{line,142}]},{proc_lib,init_p_do_apply,3,[{file,"proc_lib.erl"},{line,226}]}]}
    ancestors: [<0.283.0>]
    message_queue_len: 1
    messages: [{'EXIT',<0.285.0>,normal}]
    links: [<0.283.0>,<0.44.0>]
    dictionary: []
    trap_exit: true
    status: running
    heap_size: 610
    stack_size: 29
    reductions: 211
  neighbours:
2021-07-21 12:20:03 =ERROR REPORT====
Error in process <0.287.0> with exit value:
{timeout_value,[{timer,sleep,1,[{file,"timer.erl"},{line,152}]},{'Elixir.Connector.Extractor',loop,0,[{file,"lib/connector/extractor.ex"},{line,9}]}]}
2021-07-21 12:20:03 =CRASH REPORT====
  crasher:
    initial call: application_master:init/4
    pid: <0.284.0>
    registered_name: []
    exception exit: {{bad_return,{{'Elixir.Connector.Application',start,[normal,[]]},{'EXIT',{#{'__exception__' => true,'__struct__' => 'Elixir.ArgumentError',message => <<"The module :ok was given as a child to a supervisor but it does not exist.">>},[{'Elixir.Supervisor',init_child,1,[{file,"lib/supervisor.ex"},{line,631}]},{'Elixir.Enum','-map/2-lists^map/1-0-',2,[{file,"lib/enum.ex"},{line,1553}]},{'Elixir.Supervisor',init,2,[{file,"lib/supervisor.ex"},{line,617}]},{'Elixir.Supervisor',start_link,2,[{file,"lib/supervisor.ex"},{line,556}]},{application_master,start_it_old,4,[{file,"application_master.erl"},{line,293}]}]}}}},[{application_master,init,4,[{file,"application_master.erl"},{line,142}]},{proc_lib,init_p_do_apply,3,[{file,"proc_lib.erl"},{line,226}]}]}
    ancestors: [<0.283.0>]
    message_queue_len: 1
    messages: [{'EXIT',<0.285.0>,normal}]
    links: [<0.283.0>,<0.44.0>]
    dictionary: []
    trap_exit: true
    status: running
    heap_size: 610
    stack_size: 29
    reductions: 215
  neighbours:
2021-07-21 12:20:29 =CRASH REPORT====
  crasher:
    initial call: application_master:init/4
    pid: <0.284.0>
    registered_name: []
    exception exit: {{bad_return,{{'Elixir.Connector.Application',start,[normal,[]]},{'EXIT',{#{'__exception__' => true,'__struct__' => 'Elixir.ArgumentError',message => <<"The module :ok was given as a child to a supervisor but it does not exist.">>},[{'Elixir.Supervisor',init_child,1,[{file,"lib/supervisor.ex"},{line,631}]},{'Elixir.Enum','-map/2-lists^map/1-0-',2,[{file,"lib/enum.ex"},{line,1553}]},{'Elixir.Supervisor',init,2,[{file,"lib/supervisor.ex"},{line,617}]},{'Elixir.Supervisor',start_link,2,[{file,"lib/supervisor.ex"},{line,556}]},{application_master,start_it_old,4,[{file,"application_master.erl"},{line,293}]}]}}}},[{application_master,init,4,[{file,"application_master.erl"},{line,142}]},{proc_lib,init_p_do_apply,3,[{file,"proc_lib.erl"},{line,226}]}]}
    ancestors: [<0.283.0>]
    message_queue_len: 1
    messages: [{'EXIT',<0.285.0>,normal}]
    links: [<0.283.0>,<0.44.0>]
    dictionary: []
    trap_exit: true
    status: running
    heap_size: 610
    stack_size: 29
    reductions: 211
  neighbours:
2021-07-21 12:22:02 =CRASH REPORT====
  crasher:
    initial call: application_master:init/4
    pid: <0.284.0>
    registered_name: []
    exception exit: {{bad_return,{{'Elixir.Connector.Application',start,[normal,[]]},{'EXIT',{#{'__exception__' => true,'__struct__' => 'Elixir.ArgumentError',message => <<"The module :ok was given as a child to a supervisor but it does not exist.">>},[{'Elixir.Supervisor',init_child,1,[{file,"lib/supervisor.ex"},{line,631}]},{'Elixir.Enum','-map/2-lists^map/1-0-',2,[{file,"lib/enum.ex"},{line,1553}]},{'Elixir.Supervisor',init,2,[{file,"lib/supervisor.ex"},{line,617}]},{'Elixir.Supervisor',start_link,2,[{file,"lib/supervisor.ex"},{line,556}]},{application_master,start_it_old,4,[{file,"application_master.erl"},{line,293}]}]}}}},[{application_master,init,4,[{file,"application_master.erl"},{line,142}]},{proc_lib,init_p_do_apply,3,[{file,"proc_lib.erl"},{line,226}]}]}
    ancestors: [<0.283.0>]
    message_queue_len: 1
    messages: [{'EXIT',<0.285.0>,normal}]
    links: [<0.283.0>,<0.44.0>]
    dictionary: []
    trap_exit: true
    status: running
    heap_size: 610
    stack_size: 29
    reductions: 201
  neighbours:
2021-07-21 12:22:17 =CRASH REPORT====
  crasher:
    initial call: application_master:init/4
    pid: <0.284.0>
    registered_name: []
    exception exit: {{bad_return,{{'Elixir.Connector.Application',start,[normal,[]]},{'EXIT',{#{'__exception__' => true,'__struct__' => 'Elixir.ArgumentError',message => <<"The module :ok was given as a child to a supervisor but it does not exist.">>},[{'Elixir.Supervisor',init_child,1,[{file,"lib/supervisor.ex"},{line,631}]},{'Elixir.Enum','-map/2-lists^map/1-0-',2,[{file,"lib/enum.ex"},{line,1553}]},{'Elixir.Supervisor',init,2,[{file,"lib/supervisor.ex"},{line,617}]},{'Elixir.Supervisor',start_link,2,[{file,"lib/supervisor.ex"},{line,556}]},{application_master,start_it_old,4,[{file,"application_master.erl"},{line,293}]}]}}}},[{application_master,init,4,[{file,"application_master.erl"},{line,142}]},{proc_lib,init_p_do_apply,3,[{file,"proc_lib.erl"},{line,226}]}]}
    ancestors: [<0.283.0>]
    message_queue_len: 1
    messages: [{'EXIT',<0.285.0>,normal}]
    links: [<0.283.0>,<0.44.0>]
    dictionary: []
    trap_exit: true
    status: running
    heap_size: 610
    stack_size: 29
    reductions: 201
  neighbours:
2021-07-21 12:23:29 =CRASH REPORT====
  crasher:
    initial call: application_master:init/4
    pid: <0.282.0>
    registered_name: []
    exception exit: {{bad_return,{{'Elixir.Connector.Application',start,[normal,[]]},{'EXIT',{undef,[{'Elixir.Connector',start_link,[],[]},{'Elixir.Connector.Application',start,2,[{file,"lib/connector/application.ex"},{line,14}]},{application_master,start_it_old,4,[{file,"application_master.erl"},{line,293}]}]}}}},[{application_master,init,4,[{file,"application_master.erl"},{line,142}]},{proc_lib,init_p_do_apply,3,[{file,"proc_lib.erl"},{line,226}]}]}
    ancestors: [<0.281.0>]
    message_queue_len: 1
    messages: [{'EXIT',<0.283.0>,normal}]
    links: [<0.281.0>,<0.44.0>]
    dictionary: []
    trap_exit: true
    status: running
    heap_size: 610
    stack_size: 29
    reductions: 187
  neighbours:
2021-07-21 12:24:03 =CRASH REPORT====
  crasher:
    initial call: application_master:init/4
    pid: <0.282.0>
    registered_name: []
    exception exit: {{bad_return,{{'Elixir.Connector.Application',start,[normal,[]]},{'EXIT',{#{'__exception__' => true,'__struct__' => 'Elixir.ArgumentError',message => <<"The module :ok was given as a child to a supervisor but it does not exist.">>},[{'Elixir.Supervisor',init_child,1,[{file,"lib/supervisor.ex"},{line,631}]},{'Elixir.Enum','-map/2-lists^map/1-0-',2,[{file,"lib/enum.ex"},{line,1553}]},{'Elixir.Supervisor',init,2,[{file,"lib/supervisor.ex"},{line,617}]},{'Elixir.Supervisor',start_link,2,[{file,"lib/supervisor.ex"},{line,556}]},{'Elixir.Connector.Application',start,2,[{file,"lib/connector/application.ex"},{line,20}]},{application_master,start_it_old,4,[{file,"application_master.erl"},{line,293}]}]}}}},[{application_master,init,4,[{file,"application_master.erl"},{line,142}]},{proc_lib,init_p_do_apply,3,[{file,"proc_lib.erl"},{line,226}]}]}
    ancestors: [<0.281.0>]
    message_queue_len: 1
    messages: [{'EXIT',<0.283.0>,normal}]
    links: [<0.281.0>,<0.44.0>]
    dictionary: []
    trap_exit: true
    status: running
    heap_size: 987
    stack_size: 29
    reductions: 209
  neighbours:
2021-07-21 12:24:37 =SUPERVISOR REPORT====
     Supervisor: {local,'Elixir.Connector.Supervisor'}
     Context:    start_error
     Reason:     {'EXIT',{undef,[{'Elixir.Connector',start_link,[],[]},{supervisor,do_start_child_i,3,[{file,"supervisor.erl"},{line,414}]},{supervisor,do_start_child,2,[{file,"supervisor.erl"},{line,400}]},{supervisor,'-start_children/2-fun-0-',3,[{file,"supervisor.erl"},{line,384}]},{supervisor,children_map,4,[{file,"supervisor.erl"},{line,1234}]},{supervisor,init_children,2,[{file,"supervisor.erl"},{line,350}]},{gen_server,init_it,2,[{file,"gen_server.erl"},{line,423}]},{gen_server,init_it,6,[{file,"gen_server.erl"},{line,390}]}]}}
     Offender:   [{pid,undefined},{id,'Elixir.Connector'},{mfargs,{'Elixir.Connector',start_link,[]}},{restart_type,permanent},{significant,false},{shutdown,5000},{child_type,worker}]

2021-07-21 12:24:37 =CRASH REPORT====
  crasher:
    initial call: application_master:init/4
    pid: <0.282.0>
    registered_name: []
    exception exit: {{bad_return,{{'Elixir.Connector.Application',start,[normal,[]]},{'EXIT',{{badmatch,{error,{shutdown,{failed_to_start_child,'Elixir.Connector',{'EXIT',{undef,[{'Elixir.Connector',start_link,[],[]},{supervisor,do_start_child_i,3,[{file,"supervisor.erl"},{line,414}]},{supervisor,do_start_child,2,[{file,"supervisor.erl"},{line,400}]},{supervisor,'-start_children/2-fun-0-',3,[{file,"supervisor.erl"},{line,384}]},{supervisor,children_map,4,[{file,"supervisor.erl"},{line,1234}]},{supervisor,init_children,2,[{file,"supervisor.erl"},{line,350}]},{gen_server,init_it,2,[{file,"gen_server.erl"},{line,423}]},{gen_server,init_it,6,[{file,"gen_server.erl"},{line,390}]}]}}}}}},[{'Elixir.Connector.Application',start,2,[{file,"lib/connector/application.ex"},{line,22}]},{application_master,start_it_old,4,[{file,"application_master.erl"},{line,293}]}]}}}},[{application_master,init,4,[{file,"application_master.erl"},{line,142}]},{proc_lib,init_p_do_apply,3,[{file,"proc_lib.erl"},{line,226}]}]}
    ancestors: [<0.281.0>]
    message_queue_len: 1
    messages: [{'EXIT',<0.283.0>,normal}]
    links: [<0.281.0>,<0.44.0>]
    dictionary: []
    trap_exit: true
    status: running
    heap_size: 987
    stack_size: 29
    reductions: 224
  neighbours:
2021-07-21 12:25:06 =SUPERVISOR REPORT====
     Supervisor: {local,'Elixir.Connector.Supervisor'}
     Context:    start_error
     Reason:     {'EXIT',{undef,[{'Elixir.Connector',start_link,[],[]},{supervisor,do_start_child_i,3,[{file,"supervisor.erl"},{line,414}]},{supervisor,do_start_child,2,[{file,"supervisor.erl"},{line,400}]},{supervisor,'-start_children/2-fun-0-',3,[{file,"supervisor.erl"},{line,384}]},{supervisor,children_map,4,[{file,"supervisor.erl"},{line,1234}]},{supervisor,init_children,2,[{file,"supervisor.erl"},{line,350}]},{gen_server,init_it,2,[{file,"gen_server.erl"},{line,423}]},{gen_server,init_it,6,[{file,"gen_server.erl"},{line,390}]}]}}
     Offender:   [{pid,undefined},{id,'Elixir.Connector'},{mfargs,{'Elixir.Connector',start_link,[]}},{restart_type,permanent},{significant,false},{shutdown,5000},{child_type,worker}]

2021-07-21 12:25:06 =CRASH REPORT====
  crasher:
    initial call: application_master:init/4
    pid: <0.282.0>
    registered_name: []
    exception exit: {{bad_return,{{'Elixir.Connector.Application',start,[normal,[]]},{'EXIT',{{badmatch,{error,{shutdown,{failed_to_start_child,'Elixir.Connector',{'EXIT',{undef,[{'Elixir.Connector',start_link,[],[]},{supervisor,do_start_child_i,3,[{file,"supervisor.erl"},{line,414}]},{supervisor,do_start_child,2,[{file,"supervisor.erl"},{line,400}]},{supervisor,'-start_children/2-fun-0-',3,[{file,"supervisor.erl"},{line,384}]},{supervisor,children_map,4,[{file,"supervisor.erl"},{line,1234}]},{supervisor,init_children,2,[{file,"supervisor.erl"},{line,350}]},{gen_server,init_it,2,[{file,"gen_server.erl"},{line,423}]},{gen_server,init_it,6,[{file,"gen_server.erl"},{line,390}]}]}}}}}},[{'Elixir.Connector.Application',start,2,[{file,"lib/connector/application.ex"},{line,22}]},{application_master,start_it_old,4,[{file,"application_master.erl"},{line,293}]}]}}}},[{application_master,init,4,[{file,"application_master.erl"},{line,142}]},{proc_lib,init_p_do_apply,3,[{file,"proc_lib.erl"},{line,226}]}]}
    ancestors: [<0.281.0>]
    message_queue_len: 1
    messages: [{'EXIT',<0.283.0>,normal}]
    links: [<0.281.0>,<0.44.0>]
    dictionary: []
    trap_exit: true
    status: running
    heap_size: 987
    stack_size: 29
    reductions: 224
  neighbours:
2021-07-21 12:25:23 =CRASH REPORT====
  crasher:
    initial call: application_master:init/4
    pid: <0.282.0>
    registered_name: []
    exception exit: {{bad_return,{{'Elixir.Connector.Application',start,[normal,[]]},{'EXIT',{#{'__exception__' => true,'__struct__' => 'Elixir.ArgumentError',message => <<"The module :ok was given as a child to a supervisor but it does not exist.">>},[{'Elixir.Supervisor',init_child,1,[{file,"lib/supervisor.ex"},{line,631}]},{'Elixir.Enum','-map/2-lists^map/1-0-',2,[{file,"lib/enum.ex"},{line,1553}]},{'Elixir.Supervisor',init,2,[{file,"lib/supervisor.ex"},{line,617}]},{'Elixir.Supervisor',start_link,2,[{file,"lib/supervisor.ex"},{line,556}]},{'Elixir.Connector.Application',start,2,[{file,"lib/connector/application.ex"},{line,20}]},{application_master,start_it_old,4,[{file,"application_master.erl"},{line,293}]}]}}}},[{application_master,init,4,[{file,"application_master.erl"},{line,142}]},{proc_lib,init_p_do_apply,3,[{file,"proc_lib.erl"},{line,226}]}]}
    ancestors: [<0.281.0>]
    message_queue_len: 1
    messages: [{'EXIT',<0.283.0>,normal}]
    links: [<0.281.0>,<0.44.0>]
    dictionary: []
    trap_exit: true
    status: running
    heap_size: 987
    stack_size: 29
    reductions: 209
  neighbours:
2021-07-21 12:26:06 =CRASH REPORT====
  crasher:
    initial call: application_master:init/4
    pid: <0.282.0>
    registered_name: []
    exception exit: {{bad_return,{{'Elixir.Connector.Application',start,[normal,[]]},#{active => 0,specs => 0,supervisors => 0,workers => 0}}},[{application_master,init,4,[{file,"application_master.erl"},{line,142}]},{proc_lib,init_p_do_apply,3,[{file,"proc_lib.erl"},{line,226}]}]}
    ancestors: [<0.281.0>]
    message_queue_len: 1
    messages: [{'EXIT',<0.283.0>,normal}]
    links: [<0.281.0>,<0.44.0>]
    dictionary: []
    trap_exit: true
    status: running
    heap_size: 376
    stack_size: 29
    reductions: 188
  neighbours:
2021-07-21 12:27:05 =SUPERVISOR REPORT====
     Supervisor: {local,'Elixir.Connector.Supervisor'}
     Context:    start_error
     Reason:     {'EXIT',{undef,[{'Elixir.Connector.Connector',start_link,[nil],[]},{supervisor,do_start_child_i,3,[{file,"supervisor.erl"},{line,414}]},{supervisor,do_start_child,2,[{file,"supervisor.erl"},{line,400}]},{supervisor,'-start_children/2-fun-0-',3,[{file,"supervisor.erl"},{line,384}]},{supervisor,children_map,4,[{file,"supervisor.erl"},{line,1234}]},{supervisor,init_children,2,[{file,"supervisor.erl"},{line,350}]},{gen_server,init_it,2,[{file,"gen_server.erl"},{line,423}]},{gen_server,init_it,6,[{file,"gen_server.erl"},{line,390}]}]}}
     Offender:   [{pid,undefined},{id,'Elixir.Connector.Connector'},{mfargs,{'Elixir.Connector.Connector',start_link,[nil]}},{restart_type,permanent},{significant,false},{shutdown,5000},{child_type,worker}]

2021-07-21 12:27:05 =CRASH REPORT====
  crasher:
    initial call: application_master:init/4
    pid: <0.282.0>
    registered_name: []
    exception exit: {{bad_return,{{'Elixir.Connector.Application',start,[normal,[]]},{'EXIT',{{badmatch,{error,{shutdown,{failed_to_start_child,'Elixir.Connector.Connector',{'EXIT',{undef,[{'Elixir.Connector.Connector',start_link,[nil],[]},{supervisor,do_start_child_i,3,[{file,"supervisor.erl"},{line,414}]},{supervisor,do_start_child,2,[{file,"supervisor.erl"},{line,400}]},{supervisor,'-start_children/2-fun-0-',3,[{file,"supervisor.erl"},{line,384}]},{supervisor,children_map,4,[{file,"supervisor.erl"},{line,1234}]},{supervisor,init_children,2,[{file,"supervisor.erl"},{line,350}]},{gen_server,init_it,2,[{file,"gen_server.erl"},{line,423}]},{gen_server,init_it,6,[{file,"gen_server.erl"},{line,390}]}]}}}}}},[{'Elixir.Connector.Application',start,2,[{file,"lib/connector/application.ex"},{line,20}]},{application_master,start_it_old,4,[{file,"application_master.erl"},{line,293}]}]}}}},[{application_master,init,4,[{file,"application_master.erl"},{line,142}]},{proc_lib,init_p_do_apply,3,[{file,"proc_lib.erl"},{line,226}]}]}
    ancestors: [<0.281.0>]
    message_queue_len: 1
    messages: [{'EXIT',<0.283.0>,normal}]
    links: [<0.281.0>,<0.44.0>]
    dictionary: []
    trap_exit: true
    status: running
    heap_size: 987
    stack_size: 29
    reductions: 224
  neighbours:
2021-07-21 12:27:21 =SUPERVISOR REPORT====
     Supervisor: {local,'Elixir.Connector.Supervisor'}
     Context:    start_error
     Reason:     {'EXIT',{undef,[{'Elixir.Connector.Connector',start_link,[nil],[]},{supervisor,do_start_child_i,3,[{file,"supervisor.erl"},{line,414}]},{supervisor,do_start_child,2,[{file,"supervisor.erl"},{line,400}]},{supervisor,'-start_children/2-fun-0-',3,[{file,"supervisor.erl"},{line,384}]},{supervisor,children_map,4,[{file,"supervisor.erl"},{line,1234}]},{supervisor,init_children,2,[{file,"supervisor.erl"},{line,350}]},{gen_server,init_it,2,[{file,"gen_server.erl"},{line,423}]},{gen_server,init_it,6,[{file,"gen_server.erl"},{line,390}]}]}}
     Offender:   [{pid,undefined},{id,'Elixir.Connector.Connector'},{mfargs,{'Elixir.Connector.Connector',start_link,[nil]}},{restart_type,permanent},{significant,false},{shutdown,5000},{child_type,worker}]

2021-07-21 12:27:21 =CRASH REPORT====
  crasher:
    initial call: application_master:init/4
    pid: <0.282.0>
    registered_name: []
    exception exit: {{bad_return,{{'Elixir.Connector.Application',start,[normal,[]]},{'EXIT',{{badmatch,{error,{shutdown,{failed_to_start_child,'Elixir.Connector.Connector',{'EXIT',{undef,[{'Elixir.Connector.Connector',start_link,[nil],[]},{supervisor,do_start_child_i,3,[{file,"supervisor.erl"},{line,414}]},{supervisor,do_start_child,2,[{file,"supervisor.erl"},{line,400}]},{supervisor,'-start_children/2-fun-0-',3,[{file,"supervisor.erl"},{line,384}]},{supervisor,children_map,4,[{file,"supervisor.erl"},{line,1234}]},{supervisor,init_children,2,[{file,"supervisor.erl"},{line,350}]},{gen_server,init_it,2,[{file,"gen_server.erl"},{line,423}]},{gen_server,init_it,6,[{file,"gen_server.erl"},{line,390}]}]}}}}}},[{'Elixir.Connector.Application',start,2,[{file,"lib/connector/application.ex"},{line,20}]},{application_master,start_it_old,4,[{file,"application_master.erl"},{line,293}]}]}}}},[{application_master,init,4,[{file,"application_master.erl"},{line,142}]},{proc_lib,init_p_do_apply,3,[{file,"proc_lib.erl"},{line,226}]}]}
    ancestors: [<0.281.0>]
    message_queue_len: 1
    messages: [{'EXIT',<0.283.0>,normal}]
    links: [<0.281.0>,<0.44.0>]
    dictionary: []
    trap_exit: true
    status: running
    heap_size: 987
    stack_size: 29
    reductions: 224
  neighbours:
2021-07-21 12:27:58 =CRASH REPORT====
  crasher:
    initial call: application_master:init/4
    pid: <0.282.0>
    registered_name: []
    exception exit: {{bad_return,{{'Elixir.Connector.Application',start,[normal,[]]},{'EXIT',{#{'__exception__' => true,'__struct__' => 'Elixir.ArgumentError',message => <<"The module :ok was given as a child to a supervisor but it does not exist.">>},[{'Elixir.Supervisor',init_child,1,[{file,"lib/supervisor.ex"},{line,631}]},{'Elixir.Enum','-map/2-lists^map/1-0-',2,[{file,"lib/enum.ex"},{line,1553}]},{'Elixir.Supervisor',init,2,[{file,"lib/supervisor.ex"},{line,617}]},{'Elixir.Supervisor',start_link,2,[{file,"lib/supervisor.ex"},{line,556}]},{'Elixir.Connector.Application',start,2,[{file,"lib/connector/application.ex"},{line,20}]},{application_master,start_it_old,4,[{file,"application_master.erl"},{line,293}]}]}}}},[{application_master,init,4,[{file,"application_master.erl"},{line,142}]},{proc_lib,init_p_do_apply,3,[{file,"proc_lib.erl"},{line,226}]}]}
    ancestors: [<0.281.0>]
    message_queue_len: 1
    messages: [{'EXIT',<0.283.0>,normal}]
    links: [<0.281.0>,<0.44.0>]
    dictionary: []
    trap_exit: true
    status: running
    heap_size: 987
    stack_size: 29
    reductions: 209
  neighbours:
2021-07-21 12:36:32 =ERROR REPORT====
Error in process <0.299.0> with exit value:
{undef,[{'Elixir.Connector.Extractor',loop,[],[]}]}
2021-07-21 12:40:37 =CRASH REPORT====
  crasher:
    initial call: application_master:init/4
    pid: <0.282.0>
    registered_name: []
    exception exit: {{bad_return,{{'Elixir.Connector.Application',start,[normal,[]]},#{active => 1,specs => 1,supervisors => 0,workers => 1}}},[{application_master,init,4,[{file,"application_master.erl"},{line,142}]},{proc_lib,init_p_do_apply,3,[{file,"proc_lib.erl"},{line,226}]}]}
    ancestors: [<0.281.0>]
    message_queue_len: 1
    messages: [{'EXIT',<0.283.0>,normal}]
    links: [<0.281.0>,<0.44.0>]
    dictionary: []
    trap_exit: true
    status: running
    heap_size: 376
    stack_size: 29
    reductions: 197
  neighbours:
2021-07-21 12:40:37 =ERROR REPORT====
Error in process <0.286.0> with exit value:
{function_clause,[{'Elixir.String',trim,[{error,terminated}],[{file,"lib/string.ex"},{line,1231}]},{'Elixir.Connector.Extractor',loop,1,[{file,"lib/connector/extractor.ex"},{line,5}]}]}
2021-07-21 14:03:09 =CRASH REPORT====
  crasher:
    initial call: application_master:init/4
    pid: <0.306.0>
    registered_name: []
    exception exit: {{bad_return,{{'Elixir.Connector.Application',start,[normal,[]]},#{active => 1,specs => 1,supervisors => 0,workers => 1}}},[{application_master,init,4,[{file,"application_master.erl"},{line,142}]},{proc_lib,init_p_do_apply,3,[{file,"proc_lib.erl"},{line,226}]}]}
    ancestors: [<0.305.0>]
    message_queue_len: 1
    messages: [{'EXIT',<0.307.0>,normal}]
    links: [<0.305.0>,<0.44.0>]
    dictionary: []
    trap_exit: true
    status: running
    heap_size: 376
    stack_size: 29
    reductions: 211
  neighbours:
2021-07-21 14:03:09 =ERROR REPORT====
Error in process <0.310.0> with exit value:
{function_clause,[{'Elixir.String',trim,[{error,terminated}],[{file,"lib/string.ex"},{line,1231}]},{'Elixir.Connector.Extractor',loop,1,[{file,"lib/connector/extractor.ex"},{line,5}]}]}
2021-07-21 14:06:51 =ERROR REPORT====
Error in process <0.272.0> with exit value:
{{badmatch,[<<"asd ds">>]},[{'Elixir.Connector.Extractor',loop,1,[{file,"lib/connector/extractor.ex"},{line,3}]}]}
2021-07-21 15:13:52 =CRASH REPORT====
  crasher:
    initial call: application_master:init/4
    pid: <0.345.0>
    registered_name: []
    exception exit: {{bad_return,{{'Elixir.Processor.Application',start,[normal,[]]},{'EXIT',{#{'__exception__' => true,'__struct__' => 'Elixir.ArgumentError',message => <<"The module Processor.Processor was given as a child to a supervisor but it does not exist.">>},[{'Elixir.Supervisor',init_child,1,[{file,"lib/supervisor.ex"},{line,631}]},{'Elixir.Enum','-map/2-lists^map/1-0-',2,[{file,"lib/enum.ex"},{line,1553}]},{'Elixir.Supervisor',init,2,[{file,"lib/supervisor.ex"},{line,617}]},{'Elixir.Supervisor',start_link,2,[{file,"lib/supervisor.ex"},{line,556}]},{application_master,start_it_old,4,[{file,"application_master.erl"},{line,293}]}]}}}},[{application_master,init,4,[{file,"application_master.erl"},{line,142}]},{proc_lib,init_p_do_apply,3,[{file,"proc_lib.erl"},{line,226}]}]}
    ancestors: [<0.344.0>]
    message_queue_len: 1
    messages: [{'EXIT',<0.346.0>,normal}]
    links: [<0.344.0>,<0.44.0>]
    dictionary: []
    trap_exit: true
    status: running
    heap_size: 610
    stack_size: 29
    reductions: 201
  neighbours:
2021-07-21 15:14:23 =CRASH REPORT====
  crasher:
    initial call: application_master:init/4
    pid: <0.305.0>
    registered_name: []
    exception exit: {{bad_return,{{'Elixir.Processor.Application',start,[normal,[]]},{'EXIT',{#{'__exception__' => true,'__struct__' => 'Elixir.ArgumentError',message => <<"The module Processor.Processor was given as a child to a supervisor\nbut it does not implement child_spec/1.\n\nIf you own the given module, please define a child_spec/1 function\nthat receives an argument and returns a child specification as a map.\nFor example:\n\n    def child_spec(opts) do\n      %{\n        id: __MODULE__,\n        start: {__MODULE__, :start_link, [opts]},\n        type: :worker,\n        restart: :permanent,\n        shutdown: 500\n      }\n    end\n\nNote that \"use Agent\", \"use GenServer\" and so on automatically define\nthis function for you.\n\nHowever, if you don't own the given module and it doesn't implement\nchild_spec/1, instead of passing the module name directly as a supervisor\nchild, you will have to pass a child specification as a map:\n\n    %{\n      id: Processor.Processor,\n      start: {Processor.Processor, :start_link, [arg1, arg2]}\n    }\n\nSee the Supervisor documentation for more information.\n">>},[{'Elixir.Supervisor',init_child,1,[{file,"lib/supervisor.ex"},{line,631}]},{'Elixir.Enum','-map/2-lists^map/1-0-',2,[{file,"lib/enum.ex"},{line,1553}]},{'Elixir.Supervisor',init,2,[{file,"lib/supervisor.ex"},{line,617}]},{'Elixir.Supervisor',start_link,2,[{file,"lib/supervisor.ex"},{line,556}]},{application_master,start_it_old,4,[{file,"application_master.erl"},{line,293}]}]}}}},[{application_master,init,4,[{file,"application_master.erl"},{line,142}]},{proc_lib,init_p_do_apply,3,[{file,"proc_lib.erl"},{line,226}]}]}
    ancestors: [<0.304.0>]
    message_queue_len: 1
    messages: [{'EXIT',<0.306.0>,normal}]
    links: [<0.304.0>,<0.44.0>]
    dictionary: []
    trap_exit: true
    status: running
    heap_size: 610
    stack_size: 29
    reductions: 201
  neighbours:
2021-07-21 15:15:59 =CRASH REPORT====
  crasher:
    initial call: supervisor:Elixir.Supervisor.Default/1
    pid: <0.305.0>
    registered_name: []
    exception exit: {{start_spec,{duplicate_child_name,'Elixir.Processor.Processor'}},[{gen_server,init_it,6,[{file,"gen_server.erl"},{line,407}]},{proc_lib,init_p_do_apply,3,[{file,"proc_lib.erl"},{line,226}]}]}
    ancestors: [<0.304.0>]
    message_queue_len: 1
    messages: [{'EXIT',<0.304.0>,normal}]
    links: []
    dictionary: []
    trap_exit: true
    status: running
    heap_size: 376
    stack_size: 29
    reductions: 244
  neighbours:
2021-07-21 15:15:59 =CRASH REPORT====
  crasher:
    initial call: application_master:init/4
    pid: <0.303.0>
    registered_name: []
    exception exit: {{{start_spec,{duplicate_child_name,'Elixir.Processor.Processor'}},{'Elixir.Processor.Application',start,[normal,[]]}},[{application_master,init,4,[{file,"application_master.erl"},{line,142}]},{proc_lib,init_p_do_apply,3,[{file,"proc_lib.erl"},{line,226}]}]}
    ancestors: [<0.302.0>]
    message_queue_len: 1
    messages: [{'EXIT',<0.304.0>,normal}]
    links: [<0.302.0>,<0.44.0>]
    dictionary: []
    trap_exit: true
    status: running
    heap_size: 376
    stack_size: 29
    reductions: 190
  neighbours:
2021-07-21 15:28:36 =CRASH REPORT====
  crasher:
    initial call: supervisor:Elixir.Supervisor.Default/1
    pid: <0.311.0>
    registered_name: []
    exception exit: {{start_spec,{duplicate_child_name,'Elixir.Processor.Processor'}},[{gen_server,init_it,6,[{file,"gen_server.erl"},{line,407}]},{proc_lib,init_p_do_apply,3,[{file,"proc_lib.erl"},{line,226}]}]}
    ancestors: [<0.310.0>]
    message_queue_len: 1
    messages: [{'EXIT',<0.310.0>,normal}]
    links: []
    dictionary: []
    trap_exit: true
    status: running
    heap_size: 376
    stack_size: 29
    reductions: 244
  neighbours:
2021-07-21 15:28:36 =CRASH REPORT====
  crasher:
    initial call: application_master:init/4
    pid: <0.309.0>
    registered_name: []
    exception exit: {{{start_spec,{duplicate_child_name,'Elixir.Processor.Processor'}},{'Elixir.Processor.Application',start,[normal,[]]}},[{application_master,init,4,[{file,"application_master.erl"},{line,142}]},{proc_lib,init_p_do_apply,3,[{file,"proc_lib.erl"},{line,226}]}]}
    ancestors: [<0.308.0>]
    message_queue_len: 1
    messages: [{'EXIT',<0.310.0>,normal}]
    links: [<0.308.0>,<0.44.0>]
    dictionary: []
    trap_exit: true
    status: running
    heap_size: 376
    stack_size: 29
    reductions: 190
  neighbours:
2021-07-21 15:29:20 =CRASH REPORT====
  crasher:
    initial call: supervisor:Elixir.Supervisor.Default/1
    pid: <0.305.0>
    registered_name: []
    exception exit: {{start_spec,{duplicate_child_name,'Elixir.Processor.Processor'}},[{gen_server,init_it,6,[{file,"gen_server.erl"},{line,407}]},{proc_lib,init_p_do_apply,3,[{file,"proc_lib.erl"},{line,226}]}]}
    ancestors: [<0.304.0>]
    message_queue_len: 1
    messages: [{'EXIT',<0.304.0>,normal}]
    links: []
    dictionary: []
    trap_exit: true
    status: running
    heap_size: 376
    stack_size: 29
    reductions: 241
  neighbours:
2021-07-21 15:29:20 =CRASH REPORT====
  crasher:
    initial call: application_master:init/4
    pid: <0.303.0>
    registered_name: []
    exception exit: {{{start_spec,{duplicate_child_name,'Elixir.Processor.Processor'}},{'Elixir.Processor.Application',start,[normal,[]]}},[{application_master,init,4,[{file,"application_master.erl"},{line,142}]},{proc_lib,init_p_do_apply,3,[{file,"proc_lib.erl"},{line,226}]}]}
    ancestors: [<0.302.0>]
    message_queue_len: 1
    messages: [{'EXIT',<0.304.0>,normal}]
    links: [<0.302.0>,<0.44.0>]
    dictionary: []
    trap_exit: true
    status: running
    heap_size: 376
    stack_size: 29
    reductions: 190
  neighbours:
2021-07-21 15:31:38 =CRASH REPORT====
  crasher:
    initial call: supervisor:Elixir.Supervisor.Default/1
    pid: <0.306.0>
    registered_name: []
    exception exit: {{start_spec,{duplicate_child_name,'Elixir.Processor.Processor'}},[{gen_server,init_it,6,[{file,"gen_server.erl"},{line,407}]},{proc_lib,init_p_do_apply,3,[{file,"proc_lib.erl"},{line,226}]}]}
    ancestors: [<0.305.0>]
    message_queue_len: 1
    messages: [{'EXIT',<0.305.0>,normal}]
    links: []
    dictionary: []
    trap_exit: true
    status: running
    heap_size: 376
    stack_size: 29
    reductions: 241
  neighbours:
2021-07-21 15:31:38 =CRASH REPORT====
  crasher:
    initial call: application_master:init/4
    pid: <0.304.0>
    registered_name: []
    exception exit: {{{start_spec,{duplicate_child_name,'Elixir.Processor.Processor'}},{'Elixir.Processor.Application',start,[normal,[]]}},[{application_master,init,4,[{file,"application_master.erl"},{line,142}]},{proc_lib,init_p_do_apply,3,[{file,"proc_lib.erl"},{line,226}]}]}
    ancestors: [<0.303.0>]
    message_queue_len: 1
    messages: [{'EXIT',<0.305.0>,normal}]
    links: [<0.303.0>,<0.44.0>]
    dictionary: []
    trap_exit: true
    status: running
    heap_size: 376
    stack_size: 29
    reductions: 208
  neighbours:
