2021-07-21 10:32:16.785 [info] <0.44.0> Application lager started on node nonode@nohost
2021-07-21 10:32:16.788 [info] <0.44.0> Application jsx started on node nonode@nohost
2021-07-21 10:32:16.788 [info] <0.44.0> Application recon started on node nonode@nohost
2021-07-21 10:32:16.793 [info] <0.44.0> Application credentials_obfuscation started on node nonode@nohost
2021-07-21 10:32:16.793 [info] <0.44.0> Application rabbit_common started on node nonode@nohost
2021-07-21 10:32:16.804 [info] <0.44.0> Application amqp_client started on node nonode@nohost
2021-07-21 15:36:09.984 [info] <0.44.0> Application lager started on node nonode@nohost
2021-07-21 15:36:09.986 [info] <0.44.0> Application xmerl started on node nonode@nohost
2021-07-21 15:36:09.991 [info] <0.44.0> Application sasl started on node nonode@nohost
2021-07-21 15:36:09.991 [info] <0.44.0> Application tools started on node nonode@nohost
2021-07-21 15:36:09.991 [info] <0.44.0> Application jsx started on node nonode@nohost
2021-07-21 15:36:09.991 [info] <0.44.0> Application recon started on node nonode@nohost
2021-07-21 15:36:10.032 [info] <0.44.0> Application credentials_obfuscation started on node nonode@nohost
2021-07-21 15:36:10.032 [info] <0.44.0> Application rabbit_common started on node nonode@nohost
2021-07-21 15:36:10.038 [info] <0.44.0> Application amqp_client started on node nonode@nohost
2021-07-21 15:36:10.040 [info] <0.44.0> Application amqp started on node nonode@nohost
2021-07-21 15:36:10.080 [info] <0.44.0> Application connector started on node nonode@nohost
2021-07-21 15:38:55.217 [info] <0.44.0> Application lager started on node nonode@nohost
2021-07-21 15:38:55.219 [info] <0.44.0> Application xmerl started on node nonode@nohost
2021-07-21 15:38:55.223 [info] <0.44.0> Application sasl started on node nonode@nohost
2021-07-21 15:38:55.223 [info] <0.44.0> Application tools started on node nonode@nohost
2021-07-21 15:38:55.224 [info] <0.44.0> Application jsx started on node nonode@nohost
2021-07-21 15:38:55.224 [info] <0.44.0> Application recon started on node nonode@nohost
2021-07-21 15:38:55.267 [info] <0.44.0> Application credentials_obfuscation started on node nonode@nohost
2021-07-21 15:38:55.267 [info] <0.44.0> Application rabbit_common started on node nonode@nohost
2021-07-21 15:38:55.274 [info] <0.44.0> Application amqp_client started on node nonode@nohost
2021-07-21 15:38:55.276 [info] <0.44.0> Application amqp started on node nonode@nohost
2021-07-21 15:38:55.318 [info] <0.44.0> Application connector started on node nonode@nohost
2021-07-21 15:40:55.910 [info] <0.44.0> Application lager started on node nonode@nohost
2021-07-21 15:40:55.912 [info] <0.44.0> Application xmerl started on node nonode@nohost
2021-07-21 15:40:55.917 [info] <0.44.0> Application sasl started on node nonode@nohost
2021-07-21 15:40:55.917 [info] <0.44.0> Application tools started on node nonode@nohost
2021-07-21 15:40:55.917 [info] <0.44.0> Application jsx started on node nonode@nohost
2021-07-21 15:40:55.917 [info] <0.44.0> Application recon started on node nonode@nohost
2021-07-21 15:40:55.959 [info] <0.44.0> Application credentials_obfuscation started on node nonode@nohost
2021-07-21 15:40:55.959 [info] <0.44.0> Application rabbit_common started on node nonode@nohost
2021-07-21 15:40:55.966 [info] <0.44.0> Application amqp_client started on node nonode@nohost
2021-07-21 15:40:55.968 [info] <0.44.0> Application amqp started on node nonode@nohost
2021-07-21 15:40:56.006 [info] <0.44.0> Application connector started on node nonode@nohost
2021-07-21 15:42:15.082 [info] <0.44.0> Application lager started on node nonode@nohost
2021-07-21 15:42:15.085 [info] <0.44.0> Application xmerl started on node nonode@nohost
2021-07-21 15:42:15.089 [info] <0.44.0> Application sasl started on node nonode@nohost
2021-07-21 15:42:15.090 [info] <0.44.0> Application tools started on node nonode@nohost
2021-07-21 15:42:15.090 [info] <0.44.0> Application jsx started on node nonode@nohost
2021-07-21 15:42:15.090 [info] <0.44.0> Application recon started on node nonode@nohost
2021-07-21 15:42:15.135 [info] <0.44.0> Application credentials_obfuscation started on node nonode@nohost
2021-07-21 15:42:15.135 [info] <0.44.0> Application rabbit_common started on node nonode@nohost
2021-07-21 15:42:15.141 [info] <0.44.0> Application amqp_client started on node nonode@nohost
2021-07-21 15:42:15.143 [info] <0.44.0> Application amqp started on node nonode@nohost
2021-07-21 15:42:15.185 [info] <0.44.0> Application connector started on node nonode@nohost
2021-07-21 15:48:45.880 [info] <0.44.0> Application lager started on node nonode@nohost
2021-07-21 15:48:45.882 [info] <0.44.0> Application xmerl started on node nonode@nohost
2021-07-21 15:48:45.889 [info] <0.44.0> Application sasl started on node nonode@nohost
2021-07-21 15:48:45.889 [info] <0.44.0> Application tools started on node nonode@nohost
2021-07-21 15:48:45.889 [info] <0.44.0> Application jsx started on node nonode@nohost
2021-07-21 15:48:45.889 [info] <0.44.0> Application recon started on node nonode@nohost
2021-07-21 15:48:45.938 [info] <0.44.0> Application credentials_obfuscation started on node nonode@nohost
2021-07-21 15:48:45.938 [info] <0.44.0> Application rabbit_common started on node nonode@nohost
2021-07-21 15:48:45.946 [info] <0.44.0> Application amqp_client started on node nonode@nohost
2021-07-21 15:48:45.948 [info] <0.44.0> Application amqp started on node nonode@nohost
2021-07-21 15:48:45.983 [info] <0.44.0> Application connector started on node nonode@nohost
2021-07-21 15:54:31.929 [info] <0.44.0> Application lager started on node nonode@nohost
2021-07-21 15:54:31.930 [info] <0.44.0> Application xmerl started on node nonode@nohost
2021-07-21 15:54:31.934 [info] <0.44.0> Application sasl started on node nonode@nohost
2021-07-21 15:54:31.934 [info] <0.44.0> Application tools started on node nonode@nohost
2021-07-21 15:54:31.934 [info] <0.44.0> Application jsx started on node nonode@nohost
2021-07-21 15:54:31.934 [info] <0.44.0> Application recon started on node nonode@nohost
2021-07-21 15:54:31.980 [info] <0.44.0> Application credentials_obfuscation started on node nonode@nohost
2021-07-21 15:54:31.980 [info] <0.44.0> Application rabbit_common started on node nonode@nohost
2021-07-21 15:54:31.986 [info] <0.44.0> Application amqp_client started on node nonode@nohost
2021-07-21 15:54:31.988 [info] <0.44.0> Application amqp started on node nonode@nohost
2021-07-21 15:54:32.026 [info] <0.44.0> Application connector started on node nonode@nohost
2021-07-21 15:55:02.909 [info] <0.44.0> Application lager started on node nonode@nohost
2021-07-21 15:55:02.910 [info] <0.44.0> Application xmerl started on node nonode@nohost
2021-07-21 15:55:02.920 [info] <0.44.0> Application sasl started on node nonode@nohost
2021-07-21 15:55:02.920 [info] <0.44.0> Application tools started on node nonode@nohost
2021-07-21 15:55:02.920 [info] <0.44.0> Application jsx started on node nonode@nohost
2021-07-21 15:55:02.920 [info] <0.44.0> Application recon started on node nonode@nohost
2021-07-21 15:55:02.964 [info] <0.44.0> Application credentials_obfuscation started on node nonode@nohost
2021-07-21 15:55:02.964 [info] <0.44.0> Application rabbit_common started on node nonode@nohost
2021-07-21 15:55:02.970 [info] <0.44.0> Application amqp_client started on node nonode@nohost
2021-07-21 15:55:02.971 [info] <0.44.0> Application amqp started on node nonode@nohost
2021-07-21 15:55:03.013 [info] <0.44.0> Application connector started on node nonode@nohost
2021-07-21 16:02:57.572 [info] <0.44.0> Application lager started on node nonode@nohost
2021-07-21 16:02:57.575 [info] <0.44.0> Application xmerl started on node nonode@nohost
2021-07-21 16:02:57.579 [info] <0.44.0> Application sasl started on node nonode@nohost
2021-07-21 16:02:57.579 [info] <0.44.0> Application tools started on node nonode@nohost
2021-07-21 16:02:57.579 [info] <0.44.0> Application jsx started on node nonode@nohost
2021-07-21 16:02:57.579 [info] <0.44.0> Application recon started on node nonode@nohost
2021-07-21 16:02:57.627 [info] <0.44.0> Application credentials_obfuscation started on node nonode@nohost
2021-07-21 16:02:57.627 [info] <0.44.0> Application rabbit_common started on node nonode@nohost
2021-07-21 16:02:57.634 [info] <0.44.0> Application amqp_client started on node nonode@nohost
2021-07-21 16:02:57.637 [info] <0.44.0> Application amqp started on node nonode@nohost
2021-07-21 16:02:57.683 [info] <0.44.0> Application connector started on node nonode@nohost
2021-07-21 16:04:30.671 [info] <0.44.0> Application lager started on node nonode@nohost
2021-07-21 16:04:30.673 [info] <0.44.0> Application xmerl started on node nonode@nohost
2021-07-21 16:04:30.679 [info] <0.44.0> Application sasl started on node nonode@nohost
2021-07-21 16:04:30.679 [info] <0.44.0> Application tools started on node nonode@nohost
2021-07-21 16:04:30.679 [info] <0.44.0> Application jsx started on node nonode@nohost
2021-07-21 16:04:30.679 [info] <0.44.0> Application recon started on node nonode@nohost
2021-07-21 16:04:30.722 [info] <0.44.0> Application credentials_obfuscation started on node nonode@nohost
2021-07-21 16:04:30.722 [info] <0.44.0> Application rabbit_common started on node nonode@nohost
2021-07-21 16:04:30.728 [info] <0.44.0> Application amqp_client started on node nonode@nohost
2021-07-21 16:04:30.730 [info] <0.44.0> Application amqp started on node nonode@nohost
2021-07-21 16:04:30.770 [info] <0.44.0> Application connector started on node nonode@nohost
2021-07-21 16:09:28.759 [info] <0.44.0> Application lager started on node nonode@nohost
2021-07-21 16:09:28.760 [info] <0.44.0> Application xmerl started on node nonode@nohost
2021-07-21 16:09:28.766 [info] <0.44.0> Application sasl started on node nonode@nohost
2021-07-21 16:09:28.766 [info] <0.44.0> Application tools started on node nonode@nohost
2021-07-21 16:09:28.767 [info] <0.44.0> Application jsx started on node nonode@nohost
2021-07-21 16:09:28.767 [info] <0.44.0> Application recon started on node nonode@nohost
2021-07-21 16:09:28.808 [info] <0.44.0> Application credentials_obfuscation started on node nonode@nohost
2021-07-21 16:09:28.808 [info] <0.44.0> Application rabbit_common started on node nonode@nohost
2021-07-21 16:09:28.813 [info] <0.44.0> Application amqp_client started on node nonode@nohost
2021-07-21 16:09:28.815 [info] <0.44.0> Application amqp started on node nonode@nohost
2021-07-21 16:09:28.852 [info] <0.44.0> Application connector started on node nonode@nohost
2021-07-21 16:09:30.993 [error] emulator Error in process <0.255.0> with exit value:
{{badmatch,[<<"github.asd">>]},[{'Elixir.Extractor',loop,0,[{file,"lib/extractor.ex"},{line,3}]}]}
2021-07-21 16:09:41.331 [info] <0.44.0> Application lager started on node nonode@nohost
2021-07-21 16:09:41.332 [info] <0.44.0> Application xmerl started on node nonode@nohost
2021-07-21 16:09:41.336 [info] <0.44.0> Application sasl started on node nonode@nohost
2021-07-21 16:09:41.336 [info] <0.44.0> Application tools started on node nonode@nohost
2021-07-21 16:09:41.336 [info] <0.44.0> Application jsx started on node nonode@nohost
2021-07-21 16:09:41.336 [info] <0.44.0> Application recon started on node nonode@nohost
2021-07-21 16:09:41.375 [info] <0.44.0> Application credentials_obfuscation started on node nonode@nohost
2021-07-21 16:09:41.375 [info] <0.44.0> Application rabbit_common started on node nonode@nohost
2021-07-21 16:09:41.381 [info] <0.44.0> Application amqp_client started on node nonode@nohost
2021-07-21 16:09:41.383 [info] <0.44.0> Application amqp started on node nonode@nohost
2021-07-21 16:09:41.430 [info] <0.44.0> Application connector started on node nonode@nohost
2021-07-22 10:31:05.139 [info] <0.44.0> Application lager started on node nonode@nohost
2021-07-22 10:31:05.141 [info] <0.44.0> Application xmerl started on node nonode@nohost
2021-07-22 10:31:05.144 [info] <0.44.0> Application sasl started on node nonode@nohost
2021-07-22 10:31:05.144 [info] <0.44.0> Application tools started on node nonode@nohost
2021-07-22 10:31:05.144 [info] <0.44.0> Application jsx started on node nonode@nohost
2021-07-22 10:31:05.144 [info] <0.44.0> Application recon started on node nonode@nohost
2021-07-22 10:31:05.182 [info] <0.44.0> Application credentials_obfuscation started on node nonode@nohost
2021-07-22 10:31:05.182 [info] <0.44.0> Application rabbit_common started on node nonode@nohost
2021-07-22 10:31:05.188 [info] <0.44.0> Application amqp_client started on node nonode@nohost
2021-07-22 10:31:05.190 [info] <0.44.0> Application amqp started on node nonode@nohost
2021-07-22 10:31:05.224 [info] <0.44.0> Application connector started on node nonode@nohost
2021-07-22 10:33:34.758 [info] <0.44.0> Application lager started on node nonode@nohost
2021-07-22 10:33:34.760 [info] <0.44.0> Application xmerl started on node nonode@nohost
2021-07-22 10:33:34.763 [info] <0.44.0> Application sasl started on node nonode@nohost
2021-07-22 10:33:34.763 [info] <0.44.0> Application tools started on node nonode@nohost
2021-07-22 10:33:34.763 [info] <0.44.0> Application jsx started on node nonode@nohost
2021-07-22 10:33:34.763 [info] <0.44.0> Application recon started on node nonode@nohost
2021-07-22 10:33:34.802 [info] <0.44.0> Application credentials_obfuscation started on node nonode@nohost
2021-07-22 10:33:34.802 [info] <0.44.0> Application rabbit_common started on node nonode@nohost
2021-07-22 10:33:34.808 [info] <0.44.0> Application amqp_client started on node nonode@nohost
2021-07-22 10:33:34.810 [info] <0.44.0> Application amqp started on node nonode@nohost
2021-07-22 10:33:34.848 [info] <0.44.0> Application connector started on node nonode@nohost
2021-07-22 10:35:55.374 [error] emulator Error in process <0.255.0> with exit value:
{{badmatch,[<<>>]},[{'Elixir.Extractor',loop,0,[{file,"lib/extractor.ex"},{line,11}]}]}
2021-07-22 10:39:52.439 [info] <0.44.0> Application lager started on node nonode@nohost
2021-07-22 10:39:52.440 [info] <0.44.0> Application xmerl started on node nonode@nohost
2021-07-22 10:39:52.445 [info] <0.44.0> Application sasl started on node nonode@nohost
2021-07-22 10:39:52.445 [info] <0.44.0> Application tools started on node nonode@nohost
2021-07-22 10:39:52.446 [info] <0.44.0> Application jsx started on node nonode@nohost
2021-07-22 10:39:52.446 [info] <0.44.0> Application recon started on node nonode@nohost
2021-07-22 10:39:52.485 [info] <0.44.0> Application credentials_obfuscation started on node nonode@nohost
2021-07-22 10:39:52.485 [info] <0.44.0> Application rabbit_common started on node nonode@nohost
2021-07-22 10:39:52.491 [info] <0.44.0> Application amqp_client started on node nonode@nohost
2021-07-22 10:39:52.493 [info] <0.44.0> Application amqp started on node nonode@nohost
2021-07-22 10:39:52.532 [info] <0.44.0> Application connector started on node nonode@nohost
2021-07-22 10:41:15.327 [info] <0.44.0> Application lager started on node nonode@nohost
2021-07-22 10:41:15.329 [info] <0.44.0> Application xmerl started on node nonode@nohost
2021-07-22 10:41:15.333 [info] <0.44.0> Application sasl started on node nonode@nohost
2021-07-22 10:41:15.333 [info] <0.44.0> Application tools started on node nonode@nohost
2021-07-22 10:41:15.333 [info] <0.44.0> Application jsx started on node nonode@nohost
2021-07-22 10:41:15.333 [info] <0.44.0> Application recon started on node nonode@nohost
2021-07-22 10:41:15.373 [info] <0.44.0> Application credentials_obfuscation started on node nonode@nohost
2021-07-22 10:41:15.373 [info] <0.44.0> Application rabbit_common started on node nonode@nohost
2021-07-22 10:41:15.378 [info] <0.44.0> Application amqp_client started on node nonode@nohost
2021-07-22 10:41:15.380 [info] <0.44.0> Application amqp started on node nonode@nohost
2021-07-22 10:41:15.420 [info] <0.44.0> Application connector started on node nonode@nohost
2021-07-22 10:41:19.184 [error] emulator Error in process <0.255.0> with exit value:
{{badmatch,[<<"github.asd">>]},[{'Elixir.Extractor',loop,0,[{file,"lib/extractor.ex"},{line,11}]}]}
2021-07-22 10:41:23.677 [info] <0.44.0> Application lager started on node nonode@nohost
2021-07-22 10:41:23.679 [info] <0.44.0> Application xmerl started on node nonode@nohost
2021-07-22 10:41:23.682 [info] <0.44.0> Application sasl started on node nonode@nohost
2021-07-22 10:41:23.682 [info] <0.44.0> Application tools started on node nonode@nohost
2021-07-22 10:41:23.682 [info] <0.44.0> Application jsx started on node nonode@nohost
2021-07-22 10:41:23.682 [info] <0.44.0> Application recon started on node nonode@nohost
2021-07-22 10:41:23.722 [info] <0.44.0> Application credentials_obfuscation started on node nonode@nohost
2021-07-22 10:41:23.722 [info] <0.44.0> Application rabbit_common started on node nonode@nohost
2021-07-22 10:41:23.728 [info] <0.44.0> Application amqp_client started on node nonode@nohost
2021-07-22 10:41:23.730 [info] <0.44.0> Application amqp started on node nonode@nohost
2021-07-22 10:41:23.769 [info] <0.44.0> Application connector started on node nonode@nohost
2021-07-22 10:41:44.299 [info] <0.44.0> Application lager started on node nonode@nohost
2021-07-22 10:41:44.301 [info] <0.44.0> Application xmerl started on node nonode@nohost
2021-07-22 10:41:44.306 [info] <0.44.0> Application sasl started on node nonode@nohost
2021-07-22 10:41:44.306 [info] <0.44.0> Application tools started on node nonode@nohost
2021-07-22 10:41:44.306 [info] <0.44.0> Application jsx started on node nonode@nohost
2021-07-22 10:41:44.306 [info] <0.44.0> Application recon started on node nonode@nohost
2021-07-22 10:41:44.344 [info] <0.44.0> Application credentials_obfuscation started on node nonode@nohost
2021-07-22 10:41:44.344 [info] <0.44.0> Application rabbit_common started on node nonode@nohost
2021-07-22 10:41:44.351 [info] <0.44.0> Application amqp_client started on node nonode@nohost
2021-07-22 10:41:44.352 [info] <0.44.0> Application amqp started on node nonode@nohost
2021-07-22 10:41:44.389 [info] <0.44.0> Application connector started on node nonode@nohost
2021-07-22 10:47:59.482 [info] <0.44.0> Application lager started on node nonode@nohost
2021-07-22 10:47:59.485 [info] <0.44.0> Application xmerl started on node nonode@nohost
2021-07-22 10:47:59.488 [info] <0.44.0> Application sasl started on node nonode@nohost
2021-07-22 10:47:59.488 [info] <0.44.0> Application tools started on node nonode@nohost
2021-07-22 10:47:59.488 [info] <0.44.0> Application jsx started on node nonode@nohost
2021-07-22 10:47:59.488 [info] <0.44.0> Application recon started on node nonode@nohost
2021-07-22 10:47:59.526 [info] <0.44.0> Application credentials_obfuscation started on node nonode@nohost
2021-07-22 10:47:59.526 [info] <0.44.0> Application rabbit_common started on node nonode@nohost
2021-07-22 10:47:59.532 [info] <0.44.0> Application amqp_client started on node nonode@nohost
2021-07-22 10:47:59.534 [info] <0.44.0> Application amqp started on node nonode@nohost
2021-07-22 10:47:59.571 [info] <0.44.0> Application connector started on node nonode@nohost
2021-07-22 10:48:58.444 [info] <0.44.0> Application lager started on node nonode@nohost
2021-07-22 10:48:58.446 [info] <0.44.0> Application xmerl started on node nonode@nohost
2021-07-22 10:48:58.450 [info] <0.44.0> Application sasl started on node nonode@nohost
2021-07-22 10:48:58.450 [info] <0.44.0> Application tools started on node nonode@nohost
2021-07-22 10:48:58.450 [info] <0.44.0> Application jsx started on node nonode@nohost
2021-07-22 10:48:58.450 [info] <0.44.0> Application recon started on node nonode@nohost
2021-07-22 10:48:58.489 [info] <0.44.0> Application credentials_obfuscation started on node nonode@nohost
2021-07-22 10:48:58.489 [info] <0.44.0> Application rabbit_common started on node nonode@nohost
2021-07-22 10:48:58.494 [info] <0.44.0> Application amqp_client started on node nonode@nohost
2021-07-22 10:48:58.497 [info] <0.44.0> Application amqp started on node nonode@nohost
2021-07-22 10:48:58.535 [info] <0.44.0> Application connector started on node nonode@nohost
2021-07-22 10:55:38.036 [info] <0.44.0> Application lager started on node nonode@nohost
2021-07-22 10:55:38.038 [info] <0.44.0> Application xmerl started on node nonode@nohost
2021-07-22 10:55:38.041 [info] <0.44.0> Application sasl started on node nonode@nohost
2021-07-22 10:55:38.042 [info] <0.44.0> Application tools started on node nonode@nohost
2021-07-22 10:55:38.042 [info] <0.44.0> Application jsx started on node nonode@nohost
2021-07-22 10:55:38.042 [info] <0.44.0> Application recon started on node nonode@nohost
2021-07-22 10:55:38.080 [info] <0.44.0> Application credentials_obfuscation started on node nonode@nohost
2021-07-22 10:55:38.080 [info] <0.44.0> Application rabbit_common started on node nonode@nohost
2021-07-22 10:55:38.086 [info] <0.44.0> Application amqp_client started on node nonode@nohost
2021-07-22 10:55:38.088 [info] <0.44.0> Application amqp started on node nonode@nohost
2021-07-22 10:55:38.126 [info] <0.44.0> Application connector started on node nonode@nohost
2021-07-22 10:58:19.072 [info] <0.44.0> Application lager started on node nonode@nohost
2021-07-22 10:58:19.073 [info] <0.44.0> Application xmerl started on node nonode@nohost
2021-07-22 10:58:19.078 [info] <0.44.0> Application sasl started on node nonode@nohost
2021-07-22 10:58:19.079 [info] <0.44.0> Application tools started on node nonode@nohost
2021-07-22 10:58:19.079 [info] <0.44.0> Application jsx started on node nonode@nohost
2021-07-22 10:58:19.079 [info] <0.44.0> Application recon started on node nonode@nohost
2021-07-22 10:58:19.117 [info] <0.44.0> Application credentials_obfuscation started on node nonode@nohost
2021-07-22 10:58:19.117 [info] <0.44.0> Application rabbit_common started on node nonode@nohost
2021-07-22 10:58:19.123 [info] <0.44.0> Application amqp_client started on node nonode@nohost
2021-07-22 10:58:19.124 [info] <0.44.0> Application amqp started on node nonode@nohost
2021-07-22 10:58:19.160 [info] <0.44.0> Application connector started on node nonode@nohost
