2021-07-21 16:09:30 =ERROR REPORT====
Error in process <0.255.0> with exit value:
{{badmatch,[<<"github.asd">>]},[{'Elixir.Extractor',loop,0,[{file,"lib/extractor.ex"},{line,3}]}]}
2021-07-22 11:58:47 =ERROR REPORT====
ERROR: Could not find 'wxe_driver.so' in: /usr/lib/erlang/lib/wx-2.0/priv
2021-07-22 11:58:47 =CRASH REPORT====
  crasher:
    initial call: wxe_master:init/1
    pid: <0.286.0>
    registered_name: []
    exception error: {{load_driver,"No driver found"},[{wxe_util,priv_dir,2,[{file,"wxe_util.erl"},{line,183}]},{wxe_util,init_nif,1,[{file,"wxe_util.erl"},{line,51}]},{wxe_master,init,1,[{file,"wxe_master.erl"},{line,115}]},{gen_server,init_it,2,[{file,"gen_server.erl"},{line,423}]},{gen_server,init_it,6,[{file,"gen_server.erl"},{line,390}]},{proc_lib,init_p_do_apply,3,[{file,"proc_lib.erl"},{line,226}]}]}
    ancestors: [<0.285.0>,observer,<0.282.0>,<0.76.0>]
    message_queue_len: 0
    messages: []
    links: []
    dictionary: []
    trap_exit: true
    status: running
    heap_size: 1598
    stack_size: 29
    reductions: 2330
  neighbours:
2021-07-22 11:58:47 =CRASH REPORT====
  crasher:
    initial call: observer_wx:init/1
    pid: <0.284.0>
    registered_name: observer
    exception exit: {{{load_driver,"No driver found"},[{wxe_server,start,1,[{file,"wxe_server.erl"},{line,65}]},{wx,new,1,[{file,"wx.erl"},{line,115}]},{observer_wx,init,1,[{file,"observer_wx.erl"},{line,107}]},{wx_object,init_it,6,[{file,"wx_object.erl"},{line,404}]},{proc_lib,init_p_do_apply,3,[{file,"proc_lib.erl"},{line,226}]}]},[{wx_object,init_it,6,[{file,"wx_object.erl"},{line,417}]},{proc_lib,init_p_do_apply,3,[{file,"proc_lib.erl"},{line,226}]}]}
    ancestors: [<0.282.0>,<0.76.0>]
    message_queue_len: 0
    messages: []
    links: []
    dictionary: [{'_wx_object_',{observer_wx,'_wx_init_'}}]
    trap_exit: false
    status: running
    heap_size: 987
    stack_size: 29
    reductions: 260
  neighbours:
2021-07-22 11:58:47 =CRASH REPORT====
  crasher:
    initial call: wxe_server:init/1
    pid: <0.285.0>
    registered_name: []
    exception error: {{load_driver,"No driver found"},[{wxe_util,priv_dir,2,[{file,"wxe_util.erl"},{line,183}]},{wxe_util,init_nif,1,[{file,"wxe_util.erl"},{line,51}]},{wxe_master,init,1,[{file,"wxe_master.erl"},{line,115}]},{gen_server,init_it,2,[{file,"gen_server.erl"},{line,423}]},{gen_server,init_it,6,[{file,"gen_server.erl"},{line,390}]},{proc_lib,init_p_do_apply,3,[{file,"proc_lib.erl"},{line,226}]}]}
    ancestors: [observer,<0.282.0>,<0.76.0>]
    message_queue_len: 0
    messages: []
    links: []
    dictionary: []
    trap_exit: false
    status: running
    heap_size: 610
    stack_size: 29
    reductions: 212
  neighbours:
